<?xml version="1.0" encoding="UTF-8"?>
<testng-results ignored="0" total="1" passed="1" failed="0" skipped="0">
  <reporter-output>
  </reporter-output>
  <suite started-at="2021-09-09T16:24:20 IST" name="Default suite" finished-at="2021-09-09T16:24:21 IST" duration-ms="1183">
    <groups>
    </groups>
    <test started-at="2021-09-09T16:24:20 IST" name="Default test" finished-at="2021-09-09T16:24:21 IST" duration-ms="1183">
      <class name="testCase.LoginTest">
        <test-method is-config="true" signature="initBrowser()[pri:0, instance:testCase.LoginTest@32b260fa]" started-at="2021-09-09T16:24:05 IST" name="initBrowser" finished-at="2021-09-09T16:24:20 IST" duration-ms="15449" status="PASS">
          <reporter-output>
          </reporter-output>
        </test-method> <!-- initBrowser -->
        <test-method is-config="true" signature="createObject()[pri:0, instance:testCase.LoginTest@32b260fa]" started-at="2021-09-09T16:24:20 IST" name="createObject" finished-at="2021-09-09T16:24:20 IST" duration-ms="70" status="PASS">
          <reporter-output>
          </reporter-output>
        </test-method> <!-- createObject -->
        <test-method signature="login()[pri:1, instance:testCase.LoginTest@32b260fa]" started-at="2021-09-09T16:24:20 IST" name="login" finished-at="2021-09-09T16:24:21 IST" duration-ms="956" status="PASS">
          <reporter-output>
          </reporter-output>
        </test-method> <!-- login -->
      </class> <!-- testCase.LoginTest -->
    </test> <!-- Default test -->
  </suite> <!-- Default suite -->
</testng-results>
